#
# There is insufficient memory for the Java Runtime Environment to continue.
# Native memory allocation (malloc) failed to allocate 1048576 bytes for AllocateHeap
# Possible reasons:
#   The system is out of physical RAM or swap space
#   The process is running with CompressedOops enabled, and the Java Heap may be blocking the growth of the native heap
# Possible solutions:
#   Reduce memory load on the system
#   Increase physical memory or swap space
#   Check if swap backing store is full
#   Decrease Java heap size (-Xmx/-Xms)
#   Decrease number of Java threads
#   Decrease Java thread stack sizes (-Xss)
#   Set larger code cache with -XX:ReservedCodeCacheSize=
#   JVM is running with Zero Based Compressed Oops mode in which the Java heap is
#     placed in the first 32GB address space. The Java Heap base address is the
#     maximum limit for the native heap growth. Please use -XX:HeapBaseMinAddress
#     to set the Java Heap base and to place the Java Heap above 32GB virtual address.
# This output file may be truncated or incomplete.
#
#  Out of Memory Error (./open/src/hotspot/share/memory/allocation.cpp:46), pid=10352, tid=10356
#
# JRE version: Java(TM) SE Runtime Environment 18.9 (11.0.8+10) (build 11.0.8+10-LTS)
# Java VM: Java HotSpot(TM) 64-Bit Server VM 18.9 (11.0.8+10-LTS, mixed mode, tiered, compressed oops, g1 gc, windows-amd64)
# No core dump will be written. Minidumps are not enabled by default on client versions of Windows
#

---------------  S U M M A R Y ------------

Command Line: -XX:TieredStopAtLevel=1 -Xverify:none -Dspring.output.ansi.enabled=always -javaagent:C:\Program Files\JetBrains\IntelliJ IDEA 2021.2.2\lib\idea_rt.jar=54698:C:\Program Files\JetBrains\IntelliJ IDEA 2021.2.2\bin -Dcom.sun.management.jmxremote -Dspring.jmx.enabled=true -Dspring.liveBeansView.mbeanDomain -Dspring.application.admin.enabled=true -Dfile.encoding=UTF-8 com.example.Test2Application

Host: Intel(R) Core(TM) i5-9300H CPU @ 2.40GHz, 8 cores, 11G,  Windows 10 , 64 bit Build 19041 (10.0.19041.1503)
Time: Fri Feb 25 16:33:17 2022 中国标准时间 elapsed time: 1 seconds (0d 0h 0m 1s)

---------------  T H R E A D  ---------------

Current thread (0x00000164ff509000):  VMThread "VM Thread" [stack: 0x00000048cd400000,0x00000048cd500000] [id=10356]

Stack: [0x00000048cd400000,0x00000048cd500000]
[error occurred during error reporting (printing stack bounds), id 0xc0000005, EXCEPTION_ACCESS_VIOLATION (0xc0000005) at pc=0x0000016480000dad]

Native frames: (J=compiled Java code, j=interpreted, Vv=VM code, C=native code)
V  [jvm.dll+0x601aea]
V  [jvm.dll+0x737fef]
V  [jvm.dll+0x739675]
V  [jvm.dll+0x739c55]
V  [jvm.dll+0x739c0b]
V  [jvm.dll+0x6013d3]
V  [jvm.dll+0x601798]
C  [ntdll.dll+0xa20cf]
C  [ntdll.dll+0x51454]
C  [ntdll.dll+0xa0bfe]
C  0x0000016480000dad

VM_Operation (0x00000048ccefb290): CollectForMetadataAllocation, mode: safepoint, requested by thread 0x00000164ed1c3000


---------------  P R O C E S S  ---------------

Threads class SMR info:
_java_thread_list=0x000001648f5f0a30, length=11, elements={
0x00000164ed1c3000, 0x00000164ff50d800, 0x000001648f028800, 0x000001648f090000,
0x000001648f091000, 0x000001648f096000, 0x000001648f0a5800, 0x00000164ff4c5800,
0x000001648f422800, 0x000001648f426000, 0x000001648f628800
}

Java Threads: ( => current thread )
  0x00000164ed1c3000 JavaThread "main" [_thread_blocked, id=16112, stack(0x00000048cce00000,0x00000048ccf00000)]
  0x00000164ff50d800 JavaThread "Reference Handler" daemon [_thread_blocked, id=23984, stack(0x00000048cd500000,0x00000048cd600000)]
  0x000001648f028800 JavaThread "Finalizer" daemon [_thread_blocked, id=23896, stack(0x00000048cd600000,0x00000048cd700000)]
  0x000001648f090000 JavaThread "Signal Dispatcher" daemon [_thread_blocked, id=4896, stack(0x00000048cd700000,0x00000048cd800000)]
  0x000001648f091000 JavaThread "Attach Listener" daemon [_thread_blocked, id=19104, stack(0x00000048cd800000,0x00000048cd900000)]
  0x000001648f096000 JavaThread "C1 CompilerThread0" daemon [_thread_blocked, id=24724, stack(0x00000048cd900000,0x00000048cda00000)]
  0x000001648f0a5800 JavaThread "Sweeper thread" daemon [_thread_blocked, id=10244, stack(0x00000048cda00000,0x00000048cdb00000)]
  0x00000164ff4c5800 JavaThread "Common-Cleaner" daemon [_thread_blocked, id=25632, stack(0x00000048cdb00000,0x00000048cdc00000)]
  0x000001648f422800 JavaThread "Monitor Ctrl-Break" daemon [_thread_in_native, id=20980, stack(0x00000048cdc00000,0x00000048cdd00000)]
  0x000001648f426000 JavaThread "Service Thread" daemon [_thread_blocked, id=25384, stack(0x00000048cdd00000,0x00000048cde00000)]
  0x000001648f628800 JavaThread "RMI TCP Accept-0" daemon [_thread_blocked, id=25816, stack(0x00000048cde00000,0x00000048cdf00000)]

Other Threads:
=>0x00000164ff509000 VMThread "VM Thread" [stack: 0x00000048cd400000,0x00000048cd500000] [id=10356]
  0x000001648f62b800 WatcherThread [stack: 0x00000048cdf00000,0x00000048ce000000] [id=21112]
  0x00000164ed1da000 GCTaskThread "GC Thread#0" [stack: 0x00000048ccf00000,0x00000048cd000000] [id=23844]
  0x000001648fa9f800 GCTaskThread "GC Thread#1" [stack: 0x00000048ce000000,0x00000048ce100000] [id=11672]
  0x000001648fab0800 GCTaskThread "GC Thread#2" [stack: 0x00000048ce100000,0x00000048ce200000] [id=4572]
  0x000001648fab1800 GCTaskThread "GC Thread#3" [stack: 0x00000048ce200000,0x00000048ce300000] [id=26348]
  0x00000164ed221000 ConcurrentGCThread "G1 Main Marker" [stack: 0x00000048cd000000,0x00000048cd100000] [id=9968]
  0x00000164ed224800 ConcurrentGCThread "G1 Conc#0" [stack: 0x00000048cd100000,0x00000048cd200000] [id=25728]
  0x000001648fad6800 ConcurrentGCThread "G1 Conc#1" [stack: 0x00000048ce400000,0x00000048ce500000] [id=16116]
  0x00000164ff375000 ConcurrentGCThread "G1 Refine#0" [stack: 0x00000048cd200000,0x00000048cd300000] [id=3020]
  0x000001648f431800 ConcurrentGCThread "G1 Refine#1" [stack: 0x00000048ce300000,0x00000048ce400000] [id=1260]
  0x00000164ff377000 ConcurrentGCThread "G1 Young RemSet Sampling" [stack: 0x00000048cd300000,0x00000048cd400000] [id=12312]

Threads with active compile tasks:

VM state:at safepoint (normal execution)

VM Mutex/Monitor currently owned by a thread:  ([mutex/lock_event])
[0x00000164ed1bf640] Threads_lock - owner thread: 0x00000164ff509000
[0x00000164ed1bf0a0] Heap_lock - owner thread: 0x00000164ed1c3000

Heap address: 0x0000000742400000, size: 3036 MB, Compressed Oops mode: Zero based, Oop shift amount: 3
Narrow klass base: 0x0000000800000000, Narrow klass shift: 0
Compressed class space size: 1073741824 Address: 0x0000000800000000

Heap:
 garbage-first heap   total 194560K, used 5536K [0x0000000742400000, 0x0000000800000000)
  region size 1024K, 3 young (3072K), 3 survivors (3072K)
 Metaspace       used 14611K, capacity 15030K, committed 15104K, reserved 1073152K
  class space    used 1553K, capacity 1718K, committed 1792K, reserved 1048576K
Heap Regions: E=young(eden), S=young(survivor), O=old, HS=humongous(starts), HC=humongous(continues), CS=collection set, F=free, A=archive, TAMS=top-at-mark-start (previous, next)
|   0|0x0000000742400000, 0x0000000742500000, 0x0000000742500000|100%| O|  |TAMS 0x0000000742400000, 0x0000000742500000| Untracked 
|   1|0x0000000742500000, 0x0000000742600000, 0x0000000742600000|100%| O|  |TAMS 0x0000000742500000, 0x0000000742600000| Untracked 
|   2|0x0000000742600000, 0x0000000742668000, 0x0000000742700000| 40%| O|  |TAMS 0x0000000742600000, 0x0000000742668000| Untracked 
|   3|0x0000000742700000, 0x0000000742700000, 0x0000000742800000|  0%| F|  |TAMS 0x0000000742700000, 0x0000000742700000| Untracked 
|   4|0x0000000742800000, 0x0000000742800000, 0x0000000742900000|  0%| F|  |TAMS 0x0000000742800000, 0x0000000742800000| Untracked 
|   5|0x0000000742900000, 0x0000000742900000, 0x0000000742a00000|  0%| F|  |TAMS 0x0000000742900000, 0x0000000742900000| Untracked 
|   6|0x0000000742a00000, 0x0000000742a00000, 0x0000000742b00000|  0%| F|  |TAMS 0x0000000742a00000, 0x0000000742a00000| Untracked 
|   7|0x0000000742b00000, 0x0000000742b00000, 0x0000000742c00000|  0%| F|  |TAMS 0x0000000742b00000, 0x0000000742b00000| Untracked 
|   8|0x0000000742c00000, 0x0000000742c00000, 0x0000000742d00000|  0%| F|  |TAMS 0x0000000742c00000, 0x0000000742c00000| Untracked 
|   9|0x0000000742d00000, 0x0000000742d00000, 0x0000000742e00000|  0%| F|  |TAMS 0x0000000742d00000, 0x0000000742d00000| Untracked 
|  10|0x0000000742e00000, 0x0000000742e00000, 0x0000000742f00000|  0%| F|  |TAMS 0x0000000742e00000, 0x0000000742e00000| Untracked 
|  11|0x0000000742f00000, 0x0000000742f00000, 0x0000000743000000|  0%| F|  |TAMS 0x0000000742f00000, 0x0000000742f00000| Untracked 
|  12|0x0000000743000000, 0x0000000743000000, 0x0000000743100000|  0%| F|  |TAMS 0x0000000743000000, 0x0000000743000000| Untracked 
|  13|0x0000000743100000, 0x0000000743100000, 0x0000000743200000|  0%| F|  |TAMS 0x0000000743100000, 0x0000000743100000| Untracked 
|  14|0x0000000743200000, 0x0000000743200000, 0x0000000743300000|  0%| F|  |TAMS 0x0000000743200000, 0x0000000743200000| Untracked 
|  15|0x0000000743300000, 0x0000000743300000, 0x0000000743400000|  0%| F|  |TAMS 0x0000000743300000, 0x0000000743300000| Untracked 
|  16|0x0000000743400000, 0x0000000743400000, 0x0000000743500000|  0%| F|  |TAMS 0x0000000743400000, 0x0000000743400000| Untracked 
|  17|0x0000000743500000, 0x0000000743500000, 0x0000000743600000|  0%| F|  |TAMS 0x0000000743500000, 0x0000000743500000| Untracked 
|  18|0x0000000743600000, 0x0000000743600000, 0x0000000743700000|  0%| F|  |TAMS 0x0000000743600000, 0x0000000743600000| Untracked 
|  19|0x0000000743700000, 0x0000000743700000, 0x0000000743800000|  0%| F|  |TAMS 0x0000000743700000, 0x0000000743700000| Untracked 
|  20|0x0000000743800000, 0x0000000743800000, 0x0000000743900000|  0%| F|  |TAMS 0x0000000743800000, 0x0000000743800000| Untracked 
|  21|0x0000000743900000, 0x0000000743900000, 0x0000000743a00000|  0%| F|  |TAMS 0x0000000743900000, 0x0000000743900000| Untracked 
|  22|0x0000000743a00000, 0x0000000743a00000, 0x0000000743b00000|  0%| F|  |TAMS 0x0000000743a00000, 0x0000000743a00000| Untracked 
|  23|0x0000000743b00000, 0x0000000743b00000, 0x0000000743c00000|  0%| F|  |TAMS 0x0000000743b00000, 0x0000000743b00000| Untracked 
|  24|0x0000000743c00000, 0x0000000743c00000, 0x0000000743d00000|  0%| F|  |TAMS 0x0000000743c00000, 0x0000000743c00000| Untracked 
|  25|0x0000000743d00000, 0x0000000743d00000, 0x0000000743e00000|  0%| F|  |TAMS 0x0000000743d00000, 0x0000000743d00000| Untracked 
|  26|0x0000000743e00000, 0x0000000743e00000, 0x0000000743f00000|  0%| F|  |TAMS 0x0000000743e00000, 0x0000000743e00000| Untracked 
|  27|0x0000000743f00000, 0x0000000743f00000, 0x0000000744000000|  0%| F|  |TAMS 0x0000000743f00000, 0x0000000743f00000| Untracked 
|  28|0x0000000744000000, 0x0000000744000000, 0x0000000744100000|  0%| F|  |TAMS 0x0000000744000000, 0x0000000744000000| Untracked 
|  29|0x0000000744100000, 0x0000000744100000, 0x0000000744200000|  0%| F|  |TAMS 0x0000000744100000, 0x0000000744100000| Untracked 
|  30|0x0000000744200000, 0x0000000744200000, 0x0000000744300000|  0%| F|  |TAMS 0x0000000744200000, 0x0000000744200000| Untracked 
|  31|0x0000000744300000, 0x0000000744300000, 0x0000000744400000|  0%| F|  |TAMS 0x0000000744300000, 0x0000000744300000| Untracked 
|  32|0x0000000744400000, 0x0000000744400000, 0x0000000744500000|  0%| F|  |TAMS 0x0000000744400000, 0x0000000744400000| Untracked 
|  33|0x0000000744500000, 0x0000000744500000, 0x0000000744600000|  0%| F|  |TAMS 0x0000000744500000, 0x0000000744500000| Untracked 
|  34|0x0000000744600000, 0x0000000744600000, 0x0000000744700000|  0%| F|  |TAMS 0x0000000744600000, 0x0000000744600000| Untracked 
|  35|0x0000000744700000, 0x0000000744700000, 0x0000000744800000|  0%| F|  |TAMS 0x0000000744700000, 0x0000000744700000| Untracked 
|  36|0x0000000744800000, 0x0000000744800000, 0x0000000744900000|  0%| F|  |TAMS 0x0000000744800000, 0x0000000744800000| Untracked 
|  37|0x0000000744900000, 0x0000000744900000, 0x0000000744a00000|  0%| F|  |TAMS 0x0000000744900000, 0x0000000744900000| Untracked 
|  38|0x0000000744a00000, 0x0000000744a00000, 0x0000000744b00000|  0%| F|  |TAMS 0x0000000744a00000, 0x0000000744a00000| Untracked 
|  39|0x0000000744b00000, 0x0000000744b00000, 0x0000000744c00000|  0%| F|  |TAMS 0x0000000744b00000, 0x0000000744b00000| Untracked 
|  40|0x0000000744c00000, 0x0000000744c00000, 0x0000000744d00000|  0%| F|  |TAMS 0x0000000744c00000, 0x0000000744c00000| Untracked 
|  41|0x0000000744d00000, 0x0000000744d00000, 0x0000000744e00000|  0%| F|  |TAMS 0x0000000744d00000, 0x0000000744d00000| Untracked 
|  42|0x0000000744e00000, 0x0000000744e00000, 0x0000000744f00000|  0%| F|  |TAMS 0x0000000744e00000, 0x0000000744e00000| Untracked 
|  43|0x0000000744f00000, 0x0000000744f00000, 0x0000000745000000|  0%| F|  |TAMS 0x0000000744f00000, 0x0000000744f00000| Untracked 
|  44|0x0000000745000000, 0x0000000745000000, 0x0000000745100000|  0%| F|  |TAMS 0x0000000745000000, 0x0000000745000000| Untracked 
|  45|0x0000000745100000, 0x0000000745100000, 0x0000000745200000|  0%| F|  |TAMS 0x0000000745100000, 0x0000000745100000| Untracked 
|  46|0x0000000745200000, 0x0000000745200000, 0x0000000745300000|  0%| F|  |TAMS 0x0000000745200000, 0x0000000745200000| Untracked 
|  47|0x0000000745300000, 0x0000000745300000, 0x0000000745400000|  0%| F|  |TAMS 0x0000000745300000, 0x0000000745300000| Untracked 
|  48|0x0000000745400000, 0x0000000745400000, 0x0000000745500000|  0%| F|  |TAMS 0x0000000745400000, 0x0000000745400000| Untracked 
|  49|0x0000000745500000, 0x0000000745500000, 0x0000000745600000|  0%| F|  |TAMS 0x0000000745500000, 0x0000000745500000| Untracked 
|  50|0x0000000745600000, 0x0000000745600000, 0x0000000745700000|  0%| F|  |TAMS 0x0000000745600000, 0x0000000745600000| Untracked 
|  51|0x0000000745700000, 0x0000000745700000, 0x0000000745800000|  0%| F|  |TAMS 0x0000000745700000, 0x0000000745700000| Untracked 
|  52|0x0000000745800000, 0x0000000745800000, 0x0000000745900000|  0%| F|  |TAMS 0x0000000745800000, 0x0000000745800000| Untracked 
|  53|0x0000000745900000, 0x0000000745900000, 0x0000000745a00000|  0%| F|  |TAMS 0x0000000745900000, 0x0000000745900000| Untracked 
|  54|0x0000000745a00000, 0x0000000745a00000, 0x0000000745b00000|  0%| F|  |TAMS 0x0000000745a00000, 0x0000000745a00000| Untracked 
|  55|0x0000000745b00000, 0x0000000745b00000, 0x0000000745c00000|  0%| F|  |TAMS 0x0000000745b00000, 0x0000000745b00000| Untracked 
|  56|0x0000000745c00000, 0x0000000745c00000, 0x0000000745d00000|  0%| F|  |TAMS 0x0000000745c00000, 0x0000000745c00000| Untracked 
|  57|0x0000000745d00000, 0x0000000745d00000, 0x0000000745e00000|  0%| F|  |TAMS 0x0000000745d00000, 0x0000000745d00000| Untracked 
|  58|0x0000000745e00000, 0x0000000745e00000, 0x0000000745f00000|  0%| F|  |TAMS 0x0000000745e00000, 0x0000000745e00000| Untracked 
|  59|0x0000000745f00000, 0x0000000745f00000, 0x0000000746000000|  0%| F|  |TAMS 0x0000000745f00000, 0x0000000745f00000| Untracked 
|  60|0x0000000746000000, 0x0000000746000000, 0x0000000746100000|  0%| F|  |TAMS 0x0000000746000000, 0x0000000746000000| Untracked 
|  61|0x0000000746100000, 0x0000000746100000, 0x0000000746200000|  0%| F|  |TAMS 0x0000000746100000, 0x0000000746100000| Untracked 
|  62|0x0000000746200000, 0x0000000746200000, 0x0000000746300000|  0%| F|  |TAMS 0x0000000746200000, 0x0000000746200000| Untracked 
|  63|0x0000000746300000, 0x0000000746300000, 0x0000000746400000|  0%| F|  |TAMS 0x0000000746300000, 0x0000000746300000| Untracked 
|  64|0x0000000746400000, 0x0000000746400000, 0x0000000746500000|  0%| F|  |TAMS 0x0000000746400000, 0x0000000746400000| Untracked 
|  65|0x0000000746500000, 0x0000000746500000, 0x0000000746600000|  0%| F|  |TAMS 0x0000000746500000, 0x0000000746500000| Untracked 
|  66|0x0000000746600000, 0x0000000746600000, 0x0000000746700000|  0%| F|  |TAMS 0x0000000746600000, 0x0000000746600000| Untracked 
|  67|0x0000000746700000, 0x0000000746700000, 0x0000000746800000|  0%| F|  |TAMS 0x0000000746700000, 0x0000000746700000| Untracked 
|  68|0x0000000746800000, 0x0000000746800000, 0x0000000746900000|  0%| F|  |TAMS 0x0000000746800000, 0x0000000746800000| Untracked 
|  69|0x0000000746900000, 0x0000000746900000, 0x0000000746a00000|  0%| F|  |TAMS 0x0000000746900000, 0x0000000746900000| Untracked 
|  70|0x0000000746a00000, 0x0000000746a00000, 0x0000000746b00000|  0%| F|  |TAMS 0x0000000746a00000, 0x0000000746a00000| Untracked 
|  71|0x0000000746b00000, 0x0000000746b00000, 0x0000000746c00000|  0%| F|  |TAMS 0x0000000746b00000, 0x0000000746b00000| Untracked 
|  72|0x0000000746c00000, 0x0000000746c00000, 0x0000000746d00000|  0%| F|  |TAMS 0x0000000746c00000, 0x0000000746c00000| Untracked 
|  73|0x0000000746d00000, 0x0000000746d00000, 0x0000000746e00000|  0%| F|  |TAMS 0x0000000746d00000, 0x0000000746d00000| Untracked 
|  74|0x0000000746e00000, 0x0000000746e00000, 0x0000000746f00000|  0%| F|  |TAMS 0x0000000746e00000, 0x0000000746e00000| Untracked 
|  75|0x0000000746f00000, 0x0000000746f00000, 0x0000000747000000|  0%| F|  |TAMS 0x0000000746f00000, 0x0000000746f00000| Untracked 
|  76|0x0000000747000000, 0x0000000747000000, 0x0000000747100000|  0%| F|  |TAMS 0x0000000747000000, 0x0000000747000000| Untracked 
|  77|0x0000000747100000, 0x0000000747100000, 0x0000000747200000|  0%| F|  |TAMS 0x0000000747100000, 0x0000000747100000| Untracked 
|  78|0x0000000747200000, 0x0000000747200000, 0x0000000747300000|  0%| F|  |TAMS 0x0000000747200000, 0x0000000747200000| Untracked 
|  79|0x0000000747300000, 0x0000000747300000, 0x0000000747400000|  0%| F|  |TAMS 0x0000000747300000, 0x0000000747300000| Untracked 
|  80|0x0000000747400000, 0x0000000747400000, 0x0000000747500000|  0%| F|  |TAMS 0x0000000747400000, 0x0000000747400000| Untracked 
|  81|0x0000000747500000, 0x0000000747500000, 0x0000000747600000|  0%| F|  |TAMS 0x0000000747500000, 0x0000000747500000| Untracked 
|  82|0x0000000747600000, 0x0000000747600000, 0x0000000747700000|  0%| F|  |TAMS 0x0000000747600000, 0x0000000747600000| Untracked 
|  83|0x0000000747700000, 0x0000000747700000, 0x0000000747800000|  0%| F|  |TAMS 0x0000000747700000, 0x0000000747700000| Untracked 
|  84|0x0000000747800000, 0x0000000747800000, 0x0000000747900000|  0%| F|  |TAMS 0x0000000747800000, 0x0000000747800000| Untracked 
|  85|0x0000000747900000, 0x0000000747900000, 0x0000000747a00000|  0%| F|  |TAMS 0x0000000747900000, 0x0000000747900000| Untracked 
|  86|0x0000000747a00000, 0x0000000747a00000, 0x0000000747b00000|  0%| F|  |TAMS 0x0000000747a00000, 0x0000000747a00000| Untracked 
|  87|0x0000000747b00000, 0x0000000747b00000, 0x0000000747c00000|  0%| F|  |TAMS 0x0000000747b00000, 0x0000000747b00000| Untracked 
|  88|0x0000000747c00000, 0x0000000747c00000, 0x0000000747d00000|  0%| F|  |TAMS 0x0000000747c00000, 0x0000000747c00000| Untracked 
|  89|0x0000000747d00000, 0x0000000747d00000, 0x0000000747e00000|  0%| F|  |TAMS 0x0000000747d00000, 0x0000000747d00000| Untracked 
|  90|0x0000000747e00000, 0x0000000747e00000, 0x0000000747f00000|  0%| F|  |TAMS 0x0000000747e00000, 0x0000000747e00000| Untracked 
|  91|0x0000000747f00000, 0x0000000747f00000, 0x0000000748000000|  0%| F|  |TAMS 0x0000000747f00000, 0x0000000747f00000| Untracked 
|  92|0x0000000748000000, 0x0000000748000000, 0x0000000748100000|  0%| F|  |TAMS 0x0000000748000000, 0x0000000748000000| Untracked 
|  93|0x0000000748100000, 0x0000000748100000, 0x0000000748200000|  0%| F|  |TAMS 0x0000000748100000, 0x0000000748100000| Untracked 
|  94|0x0000000748200000, 0x0000000748200000, 0x0000000748300000|  0%| F|  |TAMS 0x0000000748200000, 0x0000000748200000| Untracked 
|  95|0x0000000748300000, 0x0000000748300000, 0x0000000748400000|  0%| F|  |TAMS 0x0000000748300000, 0x0000000748300000| Untracked 
|  96|0x0000000748400000, 0x0000000748400000, 0x0000000748500000|  0%| F|  |TAMS 0x0000000748400000, 0x0000000748400000| Untracked 
|  97|0x0000000748500000, 0x0000000748500000, 0x0000000748600000|  0%| F|  |TAMS 0x0000000748500000, 0x0000000748500000| Untracked 
|  98|0x0000000748600000, 0x0000000748600000, 0x0000000748700000|  0%| F|  |TAMS 0x0000000748600000, 0x0000000748600000| Untracked 
|  99|0x0000000748700000, 0x0000000748700000, 0x0000000748800000|  0%| F|  |TAMS 0x0000000748700000, 0x0000000748700000| Untracked 
| 100|0x0000000748800000, 0x0000000748800000, 0x0000000748900000|  0%| F|  |TAMS 0x0000000748800000, 0x0000000748800000| Untracked 
| 101|0x0000000748900000, 0x0000000748900000, 0x0000000748a00000|  0%| F|  |TAMS 0x0000000748900000, 0x0000000748900000| Untracked 
| 102|0x0000000748a00000, 0x0000000748a00000, 0x0000000748b00000|  0%| F|  |TAMS 0x0000000748a00000, 0x0000000748a00000| Untracked 
| 103|0x0000000748b00000, 0x0000000748b00000, 0x0000000748c00000|  0%| F|  |TAMS 0x0000000748b00000, 0x0000000748b00000| Untracked 
| 104|0x0000000748c00000, 0x0000000748c00000, 0x0000000748d00000|  0%| F|  |TAMS 0x0000000748c00000, 0x0000000748c00000| Untracked 
| 105|0x0000000748d00000, 0x0000000748d00000, 0x0000000748e00000|  0%| F|  |TAMS 0x0000000748d00000, 0x0000000748d00000| Untracked 
| 106|0x0000000748e00000, 0x0000000748e00000, 0x0000000748f00000|  0%| F|  |TAMS 0x0000000748e00000, 0x0000000748e00000| Untracked 
| 107|0x0000000748f00000, 0x0000000748f00000, 0x0000000749000000|  0%| F|  |TAMS 0x0000000748f00000, 0x0000000748f00000| Untracked 
| 108|0x0000000749000000, 0x0000000749000000, 0x0000000749100000|  0%| F|  |TAMS 0x0000000749000000, 0x0000000749000000| Untracked 
| 109|0x0000000749100000, 0x0000000749100000, 0x0000000749200000|  0%| F|  |TAMS 0x0000000749100000, 0x0000000749100000| Untracked 
| 110|0x0000000749200000, 0x0000000749200000, 0x0000000749300000|  0%| F|  |TAMS 0x0000000749200000, 0x0000000749200000| Untracked 
| 111|0x0000000749300000, 0x0000000749300000, 0x0000000749400000|  0%| F|  |TAMS 0x0000000749300000, 0x0000000749300000| Untracked 
| 112|0x0000000749400000, 0x0000000749400000, 0x0000000749500000|  0%| F|  |TAMS 0x0000000749400000, 0x0000000749400000| Untracked 
| 113|0x0000000749500000, 0x0000000749500000, 0x0000000749600000|  0%| F|  |TAMS 0x0000000749500000, 0x0000000749500000| Untracked 
| 114|0x0000000749600000, 0x0000000749600000, 0x0000000749700000|  0%| F|  |TAMS 0x0000000749600000, 0x0000000749600000| Untracked 
| 115|0x0000000749700000, 0x0000000749700000, 0x0000000749800000|  0%| F|  |TAMS 0x0000000749700000, 0x0000000749700000| Untracked 
| 116|0x0000000749800000, 0x0000000749800000, 0x0000000749900000|  0%| F|  |TAMS 0x0000000749800000, 0x0000000749800000| Untracked 
| 117|0x0000000749900000, 0x0000000749900000, 0x0000000749a00000|  0%| F|  |TAMS 0x0000000749900000, 0x0000000749900000| Untracked 
| 118|0x0000000749a00000, 0x0000000749a00000, 0x0000000749b00000|  0%| F|  |TAMS 0x0000000749a00000, 0x0000000749a00000| Untracked 
| 119|0x0000000749b00000, 0x0000000749b00000, 0x0000000749c00000|  0%| F|  |TAMS 0x0000000749b00000, 0x0000000749b00000| Untracked 
| 120|0x0000000749c00000, 0x0000000749c00000, 0x0000000749d00000|  0%| F|  |TAMS 0x0000000749c00000, 0x0000000749c00000| Untracked 
| 121|0x0000000749d00000, 0x0000000749d00000, 0x0000000749e00000|  0%| F|  |TAMS 0x0000000749d00000, 0x0000000749d00000| Untracked 
| 122|0x0000000749e00000, 0x0000000749e00000, 0x0000000749f00000|  0%| F|  |TAMS 0x0000000749e00000, 0x0000000749e00000| Untracked 
| 123|0x0000000749f00000, 0x0000000749f00000, 0x000000074a000000|  0%| F|  |TAMS 0x0000000749f00000, 0x0000000749f00000| Untracked 
| 124|0x000000074a000000, 0x000000074a000000, 0x000000074a100000|  0%| F|  |TAMS 0x000000074a000000, 0x000000074a000000| Untracked 
| 125|0x000000074a100000, 0x000000074a100000, 0x000000074a200000|  0%| F|  |TAMS 0x000000074a100000, 0x000000074a100000| Untracked 
| 126|0x000000074a200000, 0x000000074a200000, 0x000000074a300000|  0%| F|  |TAMS 0x000000074a200000, 0x000000074a200000| Untracked 
| 127|0x000000074a300000, 0x000000074a300000, 0x000000074a400000|  0%| F|  |TAMS 0x000000074a300000, 0x000000074a300000| Untracked 
| 128|0x000000074a400000, 0x000000074a400000, 0x000000074a500000|  0%| F|  |TAMS 0x000000074a400000, 0x000000074a400000| Untracked 
| 129|0x000000074a500000, 0x000000074a500000, 0x000000074a600000|  0%| F|  |TAMS 0x000000074a500000, 0x000000074a500000| Untracked 
| 130|0x000000074a600000, 0x000000074a600000, 0x000000074a700000|  0%| F|  |TAMS 0x000000074a600000, 0x000000074a600000| Untracked 
| 131|0x000000074a700000, 0x000000074a700000, 0x000000074a800000|  0%| F|  |TAMS 0x000000074a700000, 0x000000074a700000| Untracked 
| 132|0x000000074a800000, 0x000000074a800000, 0x000000074a900000|  0%| F|  |TAMS 0x000000074a800000, 0x000000074a800000| Untracked 
| 133|0x000000074a900000, 0x000000074a900000, 0x000000074aa00000|  0%| F|  |TAMS 0x000000074a900000, 0x000000074a900000| Untracked 
| 134|0x000000074aa00000, 0x000000074aa00000, 0x000000074ab00000|  0%| F|  |TAMS 0x000000074aa00000, 0x000000074aa00000| Untracked 
| 135|0x000000074ab00000, 0x000000074ab00000, 0x000000074ac00000|  0%| F|  |TAMS 0x000000074ab00000, 0x000000074ab00000| Untracked 
| 136|0x000000074ac00000, 0x000000074ac00000, 0x000000074ad00000|  0%| F|  |TAMS 0x000000074ac00000, 0x000000074ac00000| Untracked 
| 137|0x000000074ad00000, 0x000000074ad00000, 0x000000074ae00000|  0%| F|  |TAMS 0x000000074ad00000, 0x000000074ad00000| Untracked 
| 138|0x000000074ae00000, 0x000000074ae00000, 0x000000074af00000|  0%| F|  |TAMS 0x000000074ae00000, 0x000000074ae00000| Untracked 
| 139|0x000000074af00000, 0x000000074af00000, 0x000000074b000000|  0%| F|  |TAMS 0x000000074af00000, 0x000000074af00000| Untracked 
| 140|0x000000074b000000, 0x000000074b000000, 0x000000074b100000|  0%| F|  |TAMS 0x000000074b000000, 0x000000074b000000| Untracked 
| 141|0x000000074b100000, 0x000000074b100000, 0x000000074b200000|  0%| F|  |TAMS 0x000000074b100000, 0x000000074b100000| Untracked 
| 142|0x000000074b200000, 0x000000074b200000, 0x000000074b300000|  0%| F|  |TAMS 0x000000074b200000, 0x000000074b200000| Untracked 
| 143|0x000000074b300000, 0x000000074b300000, 0x000000074b400000|  0%| F|  |TAMS 0x000000074b300000, 0x000000074b300000| Untracked 
| 144|0x000000074b400000, 0x000000074b400000, 0x000000074b500000|  0%| F|  |TAMS 0x000000074b400000, 0x000000074b400000| Untracked 
| 145|0x000000074b500000, 0x000000074b500000, 0x000000074b600000|  0%| F|  |TAMS 0x000000074b500000, 0x000000074b500000| Untracked 
| 146|0x000000074b600000, 0x000000074b600000, 0x000000074b700000|  0%| F|  |TAMS 0x000000074b600000, 0x000000074b600000| Untracked 
| 147|0x000000074b700000, 0x000000074b700000, 0x000000074b800000|  0%| F|  |TAMS 0x000000074b700000, 0x000000074b700000| Untracked 
| 148|0x000000074b800000, 0x000000074b800000, 0x000000074b900000|  0%| F|  |TAMS 0x000000074b800000, 0x000000074b800000| Untracked 
| 149|0x000000074b900000, 0x000000074b900000, 0x000000074ba00000|  0%| F|  |TAMS 0x000000074b900000, 0x000000074b900000| Untracked 
| 150|0x000000074ba00000, 0x000000074ba00000, 0x000000074bb00000|  0%| F|  |TAMS 0x000000074ba00000, 0x000000074ba00000| Untracked 
| 151|0x000000074bb00000, 0x000000074bb00000, 0x000000074bc00000|  0%| F|  |TAMS 0x000000074bb00000, 0x000000074bb00000| Untracked 
| 152|0x000000074bc00000, 0x000000074bc00000, 0x000000074bd00000|  0%| F|  |TAMS 0x000000074bc00000, 0x000000074bc00000| Untracked 
| 153|0x000000074bd00000, 0x000000074bd00000, 0x000000074be00000|  0%| F|  |TAMS 0x000000074bd00000, 0x000000074bd00000| Untracked 
| 154|0x000000074be00000, 0x000000074be00000, 0x000000074bf00000|  0%| F|  |TAMS 0x000000074be00000, 0x000000074be00000| Untracked 
| 155|0x000000074bf00000, 0x000000074bf00000, 0x000000074c000000|  0%| F|  |TAMS 0x000000074bf00000, 0x000000074bf00000| Untracked 
| 156|0x000000074c000000, 0x000000074c000000, 0x000000074c100000|  0%| F|  |TAMS 0x000000074c000000, 0x000000074c000000| Untracked 
| 157|0x000000074c100000, 0x000000074c100000, 0x000000074c200000|  0%| F|  |TAMS 0x000000074c100000, 0x000000074c100000| Untracked 
| 158|0x000000074c200000, 0x000000074c200000, 0x000000074c300000|  0%| F|  |TAMS 0x000000074c200000, 0x000000074c200000| Untracked 
| 159|0x000000074c300000, 0x000000074c300000, 0x000000074c400000|  0%| F|  |TAMS 0x000000074c300000, 0x000000074c300000| Untracked 
| 160|0x000000074c400000, 0x000000074c400000, 0x000000074c500000|  0%| F|  |TAMS 0x000000074c400000, 0x000000074c400000| Untracked 
| 161|0x000000074c500000, 0x000000074c500000, 0x000000074c600000|  0%| F|  |TAMS 0x000000074c500000, 0x000000074c500000| Untracked 
| 162|0x000000074c600000, 0x000000074c600000, 0x000000074c700000|  0%| F|  |TAMS 0x000000074c600000, 0x000000074c600000| Untracked 
| 163|0x000000074c700000, 0x000000074c700000, 0x000000074c800000|  0%| F|  |TAMS 0x000000074c700000, 0x000000074c700000| Untracked 
| 164|0x000000074c800000, 0x000000074c800000, 0x000000074c900000|  0%| F|  |TAMS 0x000000074c800000, 0x000000074c800000| Untracked 
| 165|0x000000074c900000, 0x000000074c900000, 0x000000074ca00000|  0%| F|  |TAMS 0x000000074c900000, 0x000000074c900000| Untracked 
| 166|0x000000074ca00000, 0x000000074ca00000, 0x000000074cb00000|  0%| F|  |TAMS 0x000000074ca00000, 0x000000074ca00000| Untracked 
| 167|0x000000074cb00000, 0x000000074cb00000, 0x000000074cc00000|  0%| F|  |TAMS 0x000000074cb00000, 0x000000074cb00000| Untracked 
| 168|0x000000074cc00000, 0x000000074cc00000, 0x000000074cd00000|  0%| F|  |TAMS 0x000000074cc00000, 0x000000074cc00000| Untracked 
| 169|0x000000074cd00000, 0x000000074cd00000, 0x000000074ce00000|  0%| F|  |TAMS 0x000000074cd00000, 0x000000074cd00000| Untracked 
| 170|0x000000074ce00000, 0x000000074ce00000, 0x000000074cf00000|  0%| F|  |TAMS 0x000000074ce00000, 0x000000074ce00000| Untracked 
| 171|0x000000074cf00000, 0x000000074cf00000, 0x000000074d000000|  0%| F|  |TAMS 0x000000074cf00000, 0x000000074cf00000| Untracked 
| 172|0x000000074d000000, 0x000000074d000000, 0x000000074d100000|  0%| F|  |TAMS 0x000000074d000000, 0x000000074d000000| Untracked 
| 173|0x000000074d100000, 0x000000074d100000, 0x000000074d200000|  0%| F|  |TAMS 0x000000074d100000, 0x000000074d100000| Untracked 
| 174|0x000000074d200000, 0x000000074d200000, 0x000000074d300000|  0%| F|  |TAMS 0x000000074d200000, 0x000000074d200000| Untracked 
| 175|0x000000074d300000, 0x000000074d300000, 0x000000074d400000|  0%| F|  |TAMS 0x000000074d300000, 0x000000074d300000| Untracked 
| 176|0x000000074d400000, 0x000000074d400000, 0x000000074d500000|  0%| F|  |TAMS 0x000000074d400000, 0x000000074d400000| Untracked 
| 177|0x000000074d500000, 0x000000074d500000, 0x000000074d600000|  0%| F|  |TAMS 0x000000074d500000, 0x000000074d500000| Untracked 
| 178|0x000000074d600000, 0x000000074d600000, 0x000000074d700000|  0%| F|  |TAMS 0x000000074d600000, 0x000000074d600000| Untracked 
| 179|0x000000074d700000, 0x000000074d700000, 0x000000074d800000|  0%| F|  |TAMS 0x000000074d700000, 0x000000074d700000| Untracked 
| 180|0x000000074d800000, 0x000000074d800000, 0x000000074d900000|  0%| F|  |TAMS 0x000000074d800000, 0x000000074d800000| Untracked 
| 181|0x000000074d900000, 0x000000074d900000, 0x000000074da00000|  0%| F|  |TAMS 0x000000074d900000, 0x000000074d900000| Untracked 
| 182|0x000000074da00000, 0x000000074da00000, 0x000000074db00000|  0%| F|  |TAMS 0x000000074da00000, 0x000000074da00000| Untracked 
| 183|0x000000074db00000, 0x000000074db00000, 0x000000074dc00000|  0%| F|  |TAMS 0x000000074db00000, 0x000000074db00000| Untracked 
| 184|0x000000074dc00000, 0x000000074dc00000, 0x000000074dd00000|  0%| F|  |TAMS 0x000000074dc00000, 0x000000074dc00000| Untracked 
| 185|0x000000074dd00000, 0x000000074dd00000, 0x000000074de00000|  0%| F|  |TAMS 0x000000074dd00000, 0x000000074dd00000| Untracked 
| 186|0x000000074de00000, 0x000000074df00000, 0x000000074df00000|100%| S|CS|TAMS 0x000000074de00000, 0x000000074de00000| Complete 
| 187|0x000000074df00000, 0x000000074e000000, 0x000000074e000000|100%| S|CS|TAMS 0x000000074df00000, 0x000000074df00000| Complete 
| 188|0x000000074e000000, 0x000000074e100000, 0x000000074e100000|100%| S|CS|TAMS 0x000000074e000000, 0x000000074e000000| Complete 
| 189|0x000000074e100000, 0x000000074e100000, 0x000000074e200000|  0%| F|  |TAMS 0x000000074e100000, 0x000000074e100000| Untracked 

Card table byte_map: [0x00000164f5ef0000,0x00000164f64e0000] _byte_map_base: 0x00000164f24de000

Marking Bits (Prev, Next): (CMBitMap*) 0x00000164ed214498, (CMBitMap*) 0x00000164ed2144d0
 Prev Bits: [0x00000164f6ad0000, 0x00000164f9a40000)
 Next Bits: [0x00000164f9a40000, 0x00000164fc9b0000)

Polling page: 0x00000164ec9a0000

Metaspace:

Usage:
  Non-class:     13.00 MB capacity,    12.75 MB ( 98%) used,   220.82 KB (  2%) free+waste,    34.00 KB ( <1%) overhead. 
      Class:      1.68 MB capacity,     1.52 MB ( 90%) used,   147.08 KB (  9%) free+waste,    16.94 KB ( <1%) overhead. 
       Both:     14.68 MB capacity,    14.27 MB ( 97%) used,   367.90 KB (  2%) free+waste,    50.94 KB ( <1%) overhead. 

Virtual space:
  Non-class space:       24.00 MB reserved,      13.00 MB ( 54%) committed 
      Class space:        1.00 GB reserved,       1.75 MB ( <1%) committed 
             Both:        1.02 GB reserved,      14.75 MB (  1%) committed 

Chunk freelists:
   Non-Class:  0 bytes
       Class:  1.25 KB
        Both:  1.25 KB

CodeHeap 'non-profiled nmethods': size=238336Kb used=1929Kb max_used=1929Kb free=236406Kb
 bounds [0x0000016480740000, 0x00000164809b0000, 0x000001648f000000]
CodeHeap 'non-nmethods': size=7424Kb used=1111Kb max_used=1111Kb free=6312Kb
 bounds [0x0000016480000000, 0x0000016480270000, 0x0000016480740000]
 total_blobs=1714 nmethods=1303 adapters=338
 compilation: enabled
              stopped_count=0, restarted_count=0
 full_count=0

Compilation events (10 events):
Event: 1.146 Thread 0x000001648f096000 1297       1       java.lang.Class$ReflectionData::<init> (10 bytes)
Event: 1.146 Thread 0x000001648f096000 nmethod 1297 0x0000016480920590 code [0x0000016480920720, 0x0000016480920838]
Event: 1.146 Thread 0x000001648f096000 1298       1       java.lang.Class$Atomic::casReflectionData (13 bytes)
Event: 1.146 Thread 0x000001648f096000 nmethod 1298 0x0000016480920890 code [0x0000016480920a20, 0x0000016480920b98]
Event: 1.157 Thread 0x000001648f096000 1300   !   1       java.lang.ref.ReferenceQueue::enqueue (119 bytes)
Event: 1.158 Thread 0x000001648f096000 nmethod 1300 0x0000016480921490 code [0x0000016480921660, 0x0000016480921c10]
Event: 1.166 Thread 0x000001648f096000 1302       1       java.lang.ref.ReferenceQueue::reallyPoll (65 bytes)
Event: 1.166 Thread 0x000001648f096000 nmethod 1302 0x0000016480921d90 code [0x0000016480921f40, 0x0000016480922298]
Event: 1.168 Thread 0x000001648f096000 1303       1       java.lang.invoke.StringConcatFactory$RecipeElement::getTag (5 bytes)
Event: 1.168 Thread 0x000001648f096000 nmethod 1303 0x0000016480922390 code [0x0000016480922520, 0x0000016480922638]

GC Heap History (4 events):
Event: 1.152 GC heap before
{Heap before GC invocations=0 (full 0):
 garbage-first heap   total 194560K, used 24576K [0x0000000742400000, 0x0000000800000000)
  region size 1024K, 24 young (24576K), 0 survivors (0K)
 Metaspace       used 14452K, capacity 14833K, committed 15104K, reserved 1062912K
  class space    used 1527K, capacity 1671K, committed 1792K, reserved 1048576K
}
Event: 1.157 GC heap after
{Heap after GC invocations=1 (full 0):
 garbage-first heap   total 194560K, used 5536K [0x0000000742400000, 0x0000000800000000)
  region size 1024K, 3 young (3072K), 3 survivors (3072K)
 Metaspace       used 14452K, capacity 14833K, committed 15104K, reserved 1062912K
  class space    used 1527K, capacity 1671K, committed 1792K, reserved 1048576K
}
Event: 1.169 GC heap before
{Heap before GC invocations=1 (full 0):
 garbage-first heap   total 194560K, used 5536K [0x0000000742400000, 0x0000000800000000)
  region size 1024K, 4 young (4096K), 3 survivors (3072K)
 Metaspace       used 14611K, capacity 15030K, committed 15104K, reserved 1071104K
  class space    used 1553K, capacity 1718K, committed 1792K, reserved 1048576K
}
Event: 1.172 GC heap after
{Heap after GC invocations=2 (full 0):
 garbage-first heap   total 194560K, used 5536K [0x0000000742400000, 0x0000000800000000)
  region size 1024K, 3 young (3072K), 3 survivors (3072K)
 Metaspace       used 14611K, capacity 15030K, committed 15104K, reserved 1071104K
  class space    used 1553K, capacity 1718K, committed 1792K, reserved 1048576K
}

Deoptimization events (0 events):
No events

Classes redefined (0 events):
No events

Internal exceptions (10 events):
Event: 0.913 Thread 0x00000164ed1c3000 Exception <a 'java/lang/NoSuchMethodError'{0x000000074d78cb98}: java.lang.invoke.DirectMethodHandle$Holder.invokeStatic(Ljava/lang/Object;Ljava/lang/Object;IIII)Ljava/lang/Object;> (0x000000074d78cb98) thrown at [./open/src/hotspot/share/interpreter/linkR
Event: 0.913 Thread 0x00000164ed1c3000 Exception <a 'java/lang/NoSuchMethodError'{0x000000074d78fee0}: java.lang.invoke.DirectMethodHandle$Holder.invokeStaticInit(Ljava/lang/Object;Ljava/lang/Object;IIII)Ljava/lang/Object;> (0x000000074d78fee0) thrown at [./open/src/hotspot/share/interpreter/l
Event: 0.928 Thread 0x00000164ed1c3000 Exception <a 'java/lang/ClassNotFoundException'{0x000000074d7affe0}: javax/management/remote/rmi/RMIServerImpl_Skel> (0x000000074d7affe0) thrown at [./open/src/hotspot/share/classfile/systemDictionary.cpp, line 228]
Event: 0.985 Thread 0x00000164ed1c3000 Exception <a 'java/lang/ClassNotFoundException'{0x000000074d5964c0}: javax/smartcardio/CardPermission> (0x000000074d5964c0) thrown at [./open/src/hotspot/share/classfile/systemDictionary.cpp, line 228]
Event: 0.987 Thread 0x00000164ed1c3000 Exception <a 'java/io/FileNotFoundException'{0x000000074d5a4910}> (0x000000074d5a4910) thrown at [./open/src/hotspot/share/prims/jni.cpp, line 611]
Event: 1.065 Thread 0x00000164ed1c3000 Exception <a 'java/lang/NoSuchMethodError'{0x000000074d07b768}: java.lang.invoke.DirectMethodHandle$Holder.invokeSpecialIFC(Ljava/lang/Object;Ljava/lang/Object;Ljava/lang/Object;Ljava/lang/Object;)Ljava/lang/Object;> (0x000000074d07b768) thrown at [./open
Event: 1.077 Thread 0x00000164ed1c3000 Exception <a 'java/lang/NoSuchMethodError'{0x000000074cf6f160}: java.lang.invoke.DirectMethodHandle$Holder.invokeStaticInit(Ljava/lang/Object;Ljava/lang/Object;)I> (0x000000074cf6f160) thrown at [./open/src/hotspot/share/interpreter/linkResolver.cpp, line
Event: 1.115 Thread 0x00000164ed1c3000 Exception <a 'java/lang/NoSuchMethodError'{0x000000074cc88460}: java.lang.invoke.DirectMethodHandle$Holder.invokeStaticInit(Ljava/lang/Object;Ljava/lang/Object;Ljava/lang/Object;)I> (0x000000074cc88460) thrown at [./open/src/hotspot/share/interpreter/link
Event: 1.117 Thread 0x00000164ed1c3000 Exception <a 'java/lang/NoSuchMethodError'{0x000000074ccc9e48}: java.lang.invoke.DirectMethodHandle$Holder.invokeVirtual(Ljava/lang/Object;Ljava/lang/Object;Ljava/lang/Object;)Ljava/lang/Object;> (0x000000074ccc9e48) thrown at [./open/src/hotspot/share/in
Event: 1.121 Thread 0x00000164ed1c3000 Exception <a 'java/lang/NoSuchMethodError'{0x000000074cb1e718}: java.lang.invoke.DirectMethodHandle$Holder.invokeSpecial(Ljava/lang/Object;Ljava/lang/Object;)V> (0x000000074cb1e718) thrown at [./open/src/hotspot/share/interpreter/linkResolver.cpp, line 77

Events (10 events):
Event: 1.165 loading class org/springframework/jndi/JndiAccessor done
Event: 1.165 loading class com/sun/naming/internal/ResourceManager
Event: 1.165 loading class com/sun/naming/internal/ResourceManager done
Event: 1.165 loading class com/sun/naming/internal/VersionHelper
Event: 1.166 loading class com/sun/naming/internal/VersionHelper done
Event: 1.167 loading class com/sun/naming/internal/VersionHelper$InputStreamEnumeration
Event: 1.167 loading class javax/naming/NamingEnumeration
Event: 1.167 loading class javax/naming/NamingEnumeration done
Event: 1.167 loading class com/sun/naming/internal/VersionHelper$InputStreamEnumeration done
Event: 1.169 Executing VM operation: CollectForMetadataAllocation


Dynamic libraries:
0x00007ff79c710000 - 0x00007ff79c71f000 	C:\Program Files\Java\jdk-11.0.8\bin\java.exe
0x00007ffb58c50000 - 0x00007ffb58e45000 	C:\WINDOWS\SYSTEM32\ntdll.dll
0x00007ffb56e40000 - 0x00007ffb56efe000 	C:\WINDOWS\System32\KERNEL32.DLL
0x00007ffb56620000 - 0x00007ffb568e8000 	C:\WINDOWS\System32\KERNELBASE.dll
0x00007ffb56b10000 - 0x00007ffb56c10000 	C:\WINDOWS\System32\ucrtbase.dll
0x00007ffb32c00000 - 0x00007ffb32c18000 	C:\Program Files\Java\jdk-11.0.8\bin\jli.dll
0x00007ffb32c20000 - 0x00007ffb32c35000 	C:\Program Files\Java\jdk-11.0.8\bin\VCRUNTIME140.dll
0x00007ffb57b10000 - 0x00007ffb57bbe000 	C:\WINDOWS\System32\ADVAPI32.dll
0x00007ffb586b0000 - 0x00007ffb5874e000 	C:\WINDOWS\System32\msvcrt.dll
0x00007ffb57360000 - 0x00007ffb573fc000 	C:\WINDOWS\System32\sechost.dll
0x00007ffb57400000 - 0x00007ffb57525000 	C:\WINDOWS\System32\RPCRT4.dll
0x00007ffb56ca0000 - 0x00007ffb56e40000 	C:\WINDOWS\System32\USER32.dll
0x00007ffb569a0000 - 0x00007ffb569c2000 	C:\WINDOWS\System32\win32u.dll
0x00007ffb41200000 - 0x00007ffb4149a000 	C:\WINDOWS\WinSxS\amd64_microsoft.windows.common-controls_6595b64144ccf1df_6.0.19041.1110_none_60b5254171f9507e\COMCTL32.dll
0x00007ffb58bd0000 - 0x00007ffb58bfb000 	C:\WINDOWS\System32\GDI32.dll
0x00007ffb56a00000 - 0x00007ffb56b0d000 	C:\WINDOWS\System32\gdi32full.dll
0x00007ffb56510000 - 0x00007ffb565ad000 	C:\WINDOWS\System32\msvcp_win.dll
0x00007ffb4ee50000 - 0x00007ffb4ee5a000 	C:\WINDOWS\SYSTEM32\VERSION.dll
0x00007ffb57ce0000 - 0x00007ffb57d10000 	C:\WINDOWS\System32\IMM32.DLL
0x00007ffb172b0000 - 0x00007ffb1734b000 	C:\Program Files\Java\jdk-11.0.8\bin\msvcp140.dll
0x00007ffb01620000 - 0x00007ffb02106000 	C:\Program Files\Java\jdk-11.0.8\bin\server\jvm.dll
0x00007ffb57cc0000 - 0x00007ffb57cc8000 	C:\WINDOWS\System32\PSAPI.DLL
0x00007ffb3fae0000 - 0x00007ffb3fae9000 	C:\WINDOWS\SYSTEM32\WSOCK32.dll
0x00007ffb41850000 - 0x00007ffb41877000 	C:\WINDOWS\SYSTEM32\WINMM.dll
0x00007ffb57bc0000 - 0x00007ffb57c2b000 	C:\WINDOWS\System32\WS2_32.dll
0x00007ffb54be0000 - 0x00007ffb54bf2000 	C:\WINDOWS\SYSTEM32\kernel.appcore.dll
0x00007ffb51e60000 - 0x00007ffb51e70000 	C:\Program Files\Java\jdk-11.0.8\bin\verify.dll
0x00007ffb54900000 - 0x00007ffb54ae4000 	C:\WINDOWS\SYSTEM32\DBGHELP.DLL
0x00007ffb42240000 - 0x00007ffb4226c000 	C:\WINDOWS\SYSTEM32\dbgcore.DLL
0x00007ffb56c10000 - 0x00007ffb56c92000 	C:\WINDOWS\System32\bcryptPrimitives.dll
0x00007ffb2cf00000 - 0x00007ffb2cf28000 	C:\Program Files\Java\jdk-11.0.8\bin\java.dll
0x00007ffb51240000 - 0x00007ffb5124a000 	C:\Program Files\Java\jdk-11.0.8\bin\jimage.dll
0x00007ffb368a0000 - 0x00007ffb368ae000 	C:\Program Files\Java\jdk-11.0.8\bin\instrument.dll
0x00007ffb28f00000 - 0x00007ffb28f16000 	C:\Program Files\Java\jdk-11.0.8\bin\zip.dll
0x00007ffb57f40000 - 0x00007ffb58684000 	C:\WINDOWS\System32\SHELL32.dll
0x00007ffb54090000 - 0x00007ffb54824000 	C:\WINDOWS\SYSTEM32\windows.storage.dll
0x00007ffb58810000 - 0x00007ffb58b65000 	C:\WINDOWS\System32\combase.dll
0x00007ffb55db0000 - 0x00007ffb55dde000 	C:\WINDOWS\SYSTEM32\Wldp.dll
0x00007ffb575e0000 - 0x00007ffb5768d000 	C:\WINDOWS\System32\SHCORE.dll
0x00007ffb587b0000 - 0x00007ffb58805000 	C:\WINDOWS\System32\shlwapi.dll
0x00007ffb562a0000 - 0x00007ffb562bf000 	C:\WINDOWS\SYSTEM32\profapi.dll
0x00007ffb27410000 - 0x00007ffb27429000 	C:\Program Files\Java\jdk-11.0.8\bin\net.dll
0x00007ffb4db30000 - 0x00007ffb4dc3c000 	C:\WINDOWS\SYSTEM32\WINHTTP.dll
0x00007ffb55b10000 - 0x00007ffb55b7a000 	C:\WINDOWS\system32\mswsock.dll
0x00007ffb266d0000 - 0x00007ffb266e2000 	C:\Program Files\Java\jdk-11.0.8\bin\nio.dll
0x00007ffb1fb20000 - 0x00007ffb1fb3a000 	C:\Program Files\JetBrains\IntelliJ IDEA 2021.2.2\bin\breakgen64.dll
0x00007ffb55840000 - 0x00007ffb5590b000 	C:\WINDOWS\SYSTEM32\DNSAPI.dll
0x00007ffb557b0000 - 0x00007ffb557eb000 	C:\WINDOWS\SYSTEM32\IPHLPAPI.DLL
0x00007ffb57cd0000 - 0x00007ffb57cd8000 	C:\WINDOWS\System32\NSI.dll
0x0000000051b40000 - 0x0000000051b66000 	C:\Program Files\Bonjour\mdnsNSP.dll
0x00007ffb4f620000 - 0x00007ffb4f62a000 	C:\Windows\System32\rasadhlp.dll
0x00007ffb44cf0000 - 0x00007ffb44d6f000 	C:\WINDOWS\System32\fwpuclnt.dll
0x00007ffb569d0000 - 0x00007ffb569f7000 	C:\WINDOWS\System32\bcrypt.dll
0x00007ffb32b00000 - 0x00007ffb32b09000 	C:\Program Files\Java\jdk-11.0.8\bin\management.dll
0x00007ffb31140000 - 0x00007ffb3114b000 	C:\Program Files\Java\jdk-11.0.8\bin\management_ext.dll
0x00007ffb55d00000 - 0x00007ffb55d18000 	C:\WINDOWS\SYSTEM32\CRYPTSP.dll
0x00007ffb55420000 - 0x00007ffb55454000 	C:\WINDOWS\system32\rsaenh.dll
0x00007ffb56220000 - 0x00007ffb5624e000 	C:\WINDOWS\SYSTEM32\USERENV.dll
0x00007ffb55d20000 - 0x00007ffb55d2c000 	C:\WINDOWS\SYSTEM32\CRYPTBASE.dll
0x00007ffb4ea90000 - 0x00007ffb4eaa7000 	C:\WINDOWS\SYSTEM32\dhcpcsvc6.DLL
0x00007ffb4ea50000 - 0x00007ffb4ea6d000 	C:\WINDOWS\SYSTEM32\dhcpcsvc.DLL
0x00007ffb3e4a0000 - 0x00007ffb3e4b7000 	C:\WINDOWS\system32\napinsp.dll
0x00007ffb3e460000 - 0x00007ffb3e47b000 	C:\WINDOWS\system32\pnrpnsp.dll
0x00007ffb511d0000 - 0x00007ffb511e5000 	C:\WINDOWS\system32\wshbth.dll
0x00007ffb51c10000 - 0x00007ffb51c2d000 	C:\WINDOWS\system32\NLAapi.dll
0x00007ffb3e290000 - 0x00007ffb3e2a2000 	C:\WINDOWS\System32\winrnr.dll

dbghelp: loaded successfully - version: 4.0.5 - missing functions: none
symbol engine: initialized successfully - sym options: 0x614 - pdb path: .;C:\Program Files\Java\jdk-11.0.8\bin;C:\WINDOWS\SYSTEM32;C:\WINDOWS\WinSxS\amd64_microsoft.windows.common-controls_6595b64144ccf1df_6.0.19041.1110_none_60b5254171f9507e;C:\Program Files\Java\jdk-11.0.8\bin\server;C:\Program Files\JetBrains\IntelliJ IDEA 2021.2.2\bin;C:\Program Files\Bonjour

VM Arguments:
jvm_args: -XX:TieredStopAtLevel=1 -Xverify:none -Dspring.output.ansi.enabled=always -javaagent:C:\Program Files\JetBrains\IntelliJ IDEA 2021.2.2\lib\idea_rt.jar=54698:C:\Program Files\JetBrains\IntelliJ IDEA 2021.2.2\bin -Dcom.sun.management.jmxremote -Dspring.jmx.enabled=true -Dspring.liveBeansView.mbeanDomain -Dspring.application.admin.enabled=true -Dfile.encoding=UTF-8 
java_command: com.example.Test2Application
java_class_path (initial): D:\Documents\Desktop\billbill\黑马springboot\5、2021新版SpringBoot2全套\1.基础篇\SpringBoot―资料\源代码\springboot\test2\target\classes;C:\Users\hop\.m2\repository\org\springframework\boot\spring-boot-starter-web\2.6.3\spring-boot-starter-web-2.6.3.jar;C:\Users\hop\.m2\repository\org\springframework\boot\spring-boot-starter\2.6.3\spring-boot-starter-2.6.3.jar;C:\Users\hop\.m2\repository\org\springframework\boot\spring-boot\2.6.3\spring-boot-2.6.3.jar;C:\Users\hop\.m2\repository\org\springframework\boot\spring-boot-autoconfigure\2.6.3\spring-boot-autoconfigure-2.6.3.jar;C:\Users\hop\.m2\repository\org\springframework\boot\spring-boot-starter-logging\2.6.3\spring-boot-starter-logging-2.6.3.jar;C:\Users\hop\.m2\repository\ch\qos\logback\logback-classic\1.2.10\logback-classic-1.2.10.jar;C:\Users\hop\.m2\repository\ch\qos\logback\logback-core\1.2.10\logback-core-1.2.10.jar;C:\Users\hop\.m2\repository\org\apache\logging\log4j\log4j-to-slf4j\2.17.1\log4j-to-slf4j-2.17.1.jar;C:\Users\hop\.m2\repository\org\apache\logging\log4j\log4j-api\2.17.1\log4j-api-2.17.1.jar;C:\Users\hop\.m2\repository\org\slf4j\jul-to-slf4j\1.7.33\jul-to-slf4j-1.7.33.jar;C:\Users\hop\.m2\repository\jakarta\annotation\jakarta.annotation-api\1.3.5\jakarta.annotation-api-1.3.5.jar;C:\Users\hop\.m2\repository\org\yaml\snakeyaml\1.29\snakeyaml-1.29.jar;C:\Users\hop\.m2\repository\org\springframework\boot\spring-boot-starter-json\2.6.3\spring-boot-starter-json-2.6.3.jar;C:\Users\hop\.m2\repository\com\fasterxml\jackson\core\jackson-databind\2.13.1\jackson-databind-2.13.1.jar;C:\Users\hop\.m2\repository\com\fasterxml\jackson\core\jackson-annotations\2.13.1\jackson-annotations-2.13.1.jar;C:\Users\hop\.m2\repository\com\fasterxml\jackson\core\jackson-core\2.13.1\jackson-core-2.13.1.jar;C:\Users\hop\.m2\repository\com\fasterxml\jackson\datatype\jackson-datatype-jdk8\2.13.1\jackson-datatype-jdk8-2.13.1.jar;C:\Users\hop\.m2\repository\com\fasterxml\jackson\datatype\jackson-datatype-
Launcher Type: SUN_STANDARD

[Global flags]
     bool BytecodeVerificationLocal                = false                                     {product} {command line}
     bool BytecodeVerificationRemote               = false                                     {product} {command line}
     intx CICompilerCount                          = 4                                         {product} {ergonomic}
     uint ConcGCThreads                            = 2                                         {product} {ergonomic}
     uint G1ConcRefinementThreads                  = 8                                         {product} {ergonomic}
   size_t G1HeapRegionSize                         = 1048576                                   {product} {ergonomic}
    uintx GCDrainStackTargetSize                   = 64                                        {product} {ergonomic}
   size_t InitialHeapSize                          = 199229440                                 {product} {ergonomic}
     bool ManagementServer                         = true                                      {product} {command line}
   size_t MarkStackSize                            = 4194304                                   {product} {ergonomic}
   size_t MaxHeapSize                              = 3183476736                                {product} {ergonomic}
   size_t MaxNewSize                               = 1909456896                                {product} {ergonomic}
   size_t MinHeapDeltaBytes                        = 1048576                                   {product} {ergonomic}
    uintx NonNMethodCodeHeapSize                   = 7549744                                {pd product} {ergonomic}
    uintx NonProfiledCodeHeapSize                  = 244108496                              {pd product} {ergonomic}
    uintx ProfiledCodeHeapSize                     = 0                                      {pd product} {ergonomic}
    uintx ReservedCodeCacheSize                    = 251658240                              {pd product} {ergonomic}
     bool SegmentedCodeCache                       = true                                      {product} {ergonomic}
     intx TieredStopAtLevel                        = 1                                         {product} {command line}
     bool UseCompressedClassPointers               = true                                 {lp64_product} {ergonomic}
     bool UseCompressedOops                        = true                                 {lp64_product} {ergonomic}
     bool UseG1GC                                  = true                                      {product} {ergonomic}
     bool UseLargePagesIndividualAllocation        = false                                  {pd product} {ergonomic}

Logging:
Log output configuration:
 #0: stdout all=warning uptime,level,tags
 #1: stderr all=off uptime,level,tags

Environment Variables:
CLASSPATH=.;C:\Program Files\Java\jdk-11.0.8\lib;D:\Documents\Desktop\java\mysql\mysql\mysql-connector-java-5.1.44\mysql-connector-java-5.1.44-bin.jar;D:\Lingo 18_1\Lingo18.jar
PATH=".;C:\Program Files\Java\jdk-11.0.8\bin";D:\虚拟机\bin\;%I;TEL_DEV_REDIST%redist\intel64\compiler;C:\Program Files\Java\jdk-11.0.8\bin;C:\Windows\system32;C:\Windows;C:\Windows\System32\Wbem;C:\Windows\System32\WindowsPowerShell\v1.0\;C:\Windows\System32\OpenSSH\;C:\Program Files (x86)\NVIDIA Corporation\PhysX\Common;C:\Program Files\NVIDIA Corporation\NVIDIA NvDLISR;C:\Program Files (x86)\Windows Kits\8.1\Windows Performance Toolkit\;C:\Program Files (x86)\Microsoft SQL Server\100\Tools\Binn\;C:\Program Files\Microsoft SQL Server\100\Tools\Binn\;C:\Program Files\Microsoft SQL Server\100\DTS\Binn\;C:\WINDOWS\system32;C:\WINDOWS;C:\WINDOWS\System32\Wbem;C:\WINDOWS\System32\WindowsPowerShell\v1.0\;C:\WINDOWS\System32\OpenSSH\;C:\Program Files\TortoiseSVN\bin;D:\apache-maven-3.5.0\bin;C:\Program Files\MySQL\MySQL Server 5.5\bin;C:\python3.9\python3.9;C:\Program Files\nodejs\;D:\matlab 2018 b\runtime\win64;D:\matlab 2018 b\bin;F:\matlab 2018\runtime\win64;F:\matlab 2018\bin;D:\Lingo 18_1\;C:\Program Files\Graphviz\bin;C:\Program Files\Git\cmd;C:\Ruby30-x64\bin;C:\Users\hop\anaconda3;C:\Users\hop\anaconda3\Library\mingw-w64\bin;C:\Users\hop\anaconda3\Library\usr\bin;C:\Users\hop\anaconda3\Library\bin;C:\Users\hop\anaconda3\Scripts;%USERPROFILE%\AppData\Local\Microsoft\WindowsApps;D:\MinGW\mingw32\bin;C:\Users\hop\AppData\Local\Programs\Microsoft VS Code\bin;%IntelliJ IDEA%;C:\sqlmap;C:\Users\hop\AppData\Roaming\npm;%PyCharm%;E:\新建文件夹\QQGameTempest\Hall.57734\
USERNAME=hop
OS=Windows_NT
PROCESSOR_IDENTIFIER=Intel64 Family 6 Model 158 Stepping 10, GenuineIntel



---------------  S Y S T E M  ---------------

OS: Windows 10 , 64 bit Build 19041 (10.0.19041.1503)

CPU:total 8 (initial active 8) (4 cores per cpu, 2 threads per core) family 6 model 158 stepping 10, cmov, cx8, fxsr, mmx, sse, sse2, sse3, ssse3, sse4.1, sse4.2, popcnt, avx, avx2, aes, clmul, erms, 3dnowpref, lzcnt, ht, tsc, tscinvbit, bmi1, bmi2, adx, fma

Memory: 4k page, system-wide physical 12138M (2661M free)
TotalPageFile size 16234M (AvailPageFile size 297M)
current process WorkingSet (physical memory assigned to process): 83M, peak: 83M
current process commit charge ("private bytes"): 285M, peak: 286M

vm_info: Java HotSpot(TM) 64-Bit Server VM (11.0.8+10-LTS) for windows-amd64 JRE (11.0.8+10-LTS), built on Jun 16 2020 05:53:08 by "mach5one" with unknown MS VC++:1916

END.
